Controllers found: 1
----------------------------------------------------------------------
Physical Device information
----------------------------------------------------------------------
   Channel #0:
      Device #0
         Device is a Hard drive
         State                              : Online
         Drive has stale RIS data           : False
         Block Size                         : 512 Bytes
         Physical Block Size                : 4K Bytes
         Transfer Speed                     : SAS 12.0 Gb/s
         Reported Channel,Device(T:L)       : 0,0(0:0)
         Reported Location                  : Enclosure Direct Attached, Slot 0(Connector 0:CN0)
         Array                              : 0
         Vendor                             : SEAGATE 
         Model                              : ST1200MM0129    
         Firmware                           : C004
         Serial number                      : WFK6RZZP0000K0301AGL
         World-wide name                    : 5000C500CEDA7171
         Reserved Size                      : 32768 KB
         Used Size                          : 1144609 MB
         Unused Size                        : 0 MB
         Total Size                         : 1144641 MB
         S.M.A.R.T.                         : No
         S.M.A.R.T. warnings                : 0
         SSD                                : No
         Boot Type                          : None
         Rotational Speed                   : 10500 RPM
         Current Temperature                : 36 deg C
         Maximum Temperature                : 47 deg C
         Threshold Temperature              : 60 deg C
         PHY Count                          : 2
         Drive Configuration Type           : Data
         Drive Encryption Capability        : None
         Drive Encryption Status            : Not Applicable
         Drive Exposed to OS                : False
         Sanitize Erase Support             : True
         Sanitize Lock Freeze Support       : False
         Sanitize Lock Anti-Freeze Support  : False
         Sanitize Lock Setting              : Unknown
         Drive Unique ID                    : 5000C500CEDA7173
         Last Failure Reason                : No Failure
      ----------------------------------------------------------------
      Device Phy Information                
      ----------------------------------------------------------------
         Phy #0
            Negotiated Physical Link Rate   : 12 Gbps 
            Negotiated Logical Link Rate    : 12 Gbps 
            Maximum Link Rate               : 12 Gbps 
         Phy #1
            Negotiated Physical Link Rate   : unknown 
            Negotiated Logical Link Rate    : unknown 
            Maximum Link Rate               : 12 Gbps 

      ----------------------------------------------------------------
      Device Error Counters                 
      ----------------------------------------------------------------
         Aborted Commands                   : 0
         Bad Target Errors                  : 0
         Ecc Recovered Read Errors          : 0
         Failed Read Recovers               : 0
         Failed Write Recovers              : 0
         Format Errors                      : 0
         Hardware Errors                    : 0
         Hard Read Errors                   : 0
         Hard Write Errors                  : 0
         Hot Plug Count                     : 0
         Media Failures                     : 0
         Not Ready Errors                   : 12
         Other Time Out Errors              : 0
         Predictive Failures                : 0
         Retry Recovered Read Errors        : 0
         Retry Recovered Write Errors       : 0
         Scsi Bus Faults                    : 6
         Sectors Reads                      : 3276918554
         Sectors Written                    : 1505353493
         Service Hours                      : 47186

      Device #1
         Device is a Hard drive
         State                              : Online
         Drive has stale RIS data           : False
         Block Size                         : 512 Bytes
         Physical Block Size                : 4K Bytes
         Transfer Speed                     : SAS 12.0 Gb/s
         Reported Channel,Device(T:L)       : 0,1(1:0)
         Reported Location                  : Enclosure Direct Attached, Slot 1(Connector 0:CN0)
         Array                              : 0
         Vendor                             : SEAGATE 
         Model                              : ST1200MM0129    
         Firmware                           : C004
         Serial number                      : WFK6RXJN0000K02935VF
         World-wide name                    : 5000C500CEDAAA11
         Reserved Size                      : 32768 KB
         Used Size                          : 1144609 MB
         Unused Size                        : 0 MB
         Total Size                         : 1144641 MB
         S.M.A.R.T.                         : No
         S.M.A.R.T. warnings                : 0
         SSD                                : No
         Boot Type                          : None
         Rotational Speed                   : 10500 RPM
         Current Temperature                : 37 deg C
         Maximum Temperature                : 49 deg C
         Threshold Temperature              : 60 deg C
         PHY Count                          : 2
         Drive Configuration Type           : Data
         Drive Encryption Capability        : None
         Drive Encryption Status            : Not Applicable
         Drive Exposed to OS                : False
         Sanitize Erase Support             : True
         Sanitize Lock Freeze Support       : False
         Sanitize Lock Anti-Freeze Support  : False
         Sanitize Lock Setting              : Unknown
         Drive Unique ID                    : 5000C500CEDAAA13
         Last Failure Reason                : No Failure
      ----------------------------------------------------------------
      Device Phy Information                
      ----------------------------------------------------------------
         Phy #0
            Negotiated Physical Link Rate   : 12 Gbps 
            Negotiated Logical Link Rate    : 12 Gbps 
            Maximum Link Rate               : 12 Gbps 
         Phy #1
            Negotiated Physical Link Rate   : unknown 
            Negotiated Logical Link Rate    : unknown 
            Maximum Link Rate               : 12 Gbps 

      ----------------------------------------------------------------
      Device Error Counters                 
      ----------------------------------------------------------------
         Aborted Commands                   : 0
         Bad Target Errors                  : 0
         Ecc Recovered Read Errors          : 0
         Failed Read Recovers               : 0
         Failed Write Recovers              : 0
         Format Errors                      : 0
         Hardware Errors                    : 0
         Hard Read Errors                   : 0
         Hard Write Errors                  : 0
         Hot Plug Count                     : 0
         Media Failures                     : 0
         Not Ready Errors                   : 12
         Other Time Out Errors              : 0
         Predictive Failures                : 0
         Retry Recovered Read Errors        : 0
         Retry Recovered Write Errors       : 0
         Scsi Bus Faults                    : 6
         Sectors Reads                      : 3131382203
         Sectors Written                    : 2553601093
         Service Hours                      : 47186

      Device #2
         Device is a Hard drive
         State                              : Online
         Drive has stale RIS data           : False
         Block Size                         : 512 Bytes
         Physical Block Size                : 4K Bytes
         Transfer Speed                     : SAS 12.0 Gb/s
         Reported Channel,Device(T:L)       : 0,2(2:0)
         Reported Location                  : Enclosure Direct Attached, Slot 2(Connector 0:CN0)
         Array                              : 1
         Vendor                             : SEAGATE 
         Model                              : ST2400MM0129    
         Firmware                           : C004
         Serial number                      : WBM25LTY0000K0187WSP
         World-wide name                    : 5000C500CDF3E729
         Reserved Size                      : 32768 KB
         Used Size                          : 2289240 MB
         Unused Size                        : 0 MB
         Total Size                         : 2289272 MB
         S.M.A.R.T.                         : No
         S.M.A.R.T. warnings                : 0
         SSD                                : No
         Boot Type                          : None
         Rotational Speed                   : 10500 RPM
         Current Temperature                : 41 deg C
         Maximum Temperature                : 50 deg C
         Threshold Temperature              : 60 deg C
         PHY Count                          : 2
         Drive Configuration Type           : Data
         Drive Encryption Capability        : None
         Drive Encryption Status            : Not Applicable
         Drive Exposed to OS                : False
         Sanitize Erase Support             : True
         Sanitize Lock Freeze Support       : False
         Sanitize Lock Anti-Freeze Support  : False
         Sanitize Lock Setting              : Unknown
         Drive Unique ID                    : 5000C500CDF3E72B
         Last Failure Reason                : No Failure
      ----------------------------------------------------------------
      Device Phy Information                
      ----------------------------------------------------------------
         Phy #0
            Negotiated Physical Link Rate   : 12 Gbps 
            Negotiated Logical Link Rate    : 12 Gbps 
            Maximum Link Rate               : 12 Gbps 
         Phy #1
            Negotiated Physical Link Rate   : unknown 
            Negotiated Logical Link Rate    : unknown 
            Maximum Link Rate               : 12 Gbps 

      ----------------------------------------------------------------
      Device Error Counters                 
      ----------------------------------------------------------------
         Aborted Commands                   : 0
         Bad Target Errors                  : 0
         Ecc Recovered Read Errors          : 0
         Failed Read Recovers               : 0
         Failed Write Recovers              : 0
         Format Errors                      : 0
         Hardware Errors                    : 0
         Hard Read Errors                   : 0
         Hard Write Errors                  : 0
         Hot Plug Count                     : 0
         Media Failures                     : 0
         Not Ready Errors                   : 12
         Other Time Out Errors              : 0
         Predictive Failures                : 0
         Retry Recovered Read Errors        : 0
         Retry Recovered Write Errors       : 0
         Scsi Bus Faults                    : 6
         Sectors Reads                      : 3368385688
         Sectors Written                    : 1147776952
         Service Hours                      : 47186

      Device #3
         Device is a Hard drive
         State                              : Online
         Drive has stale RIS data           : False
         Block Size                         : 512 Bytes
         Physical Block Size                : 4K Bytes
         Transfer Speed                     : SAS 12.0 Gb/s
         Reported Channel,Device(T:L)       : 0,3(3:0)
         Reported Location                  : Enclosure Direct Attached, Slot 3(Connector 0:CN0)
         Array                              : 1
         Vendor                             : SEAGATE 
         Model                              : ST2400MM0129    
         Firmware                           : C004
         Serial number                      : WBM25BMM0000K017FGYA
         World-wide name                    : 5000C500CDF2CA5D
         Reserved Size                      : 32768 KB
         Used Size                          : 2289240 MB
         Unused Size                        : 0 MB
         Total Size                         : 2289272 MB
         S.M.A.R.T.                         : No
         S.M.A.R.T. warnings                : 0
         SSD                                : No
         Boot Type                          : None
         Rotational Speed                   : 10500 RPM
         Current Temperature                : 42 deg C
         Maximum Temperature                : 50 deg C
         Threshold Temperature              : 60 deg C
         PHY Count                          : 2
         Drive Configuration Type           : Data
         Drive Encryption Capability        : None
         Drive Encryption Status            : Not Applicable
         Drive Exposed to OS                : False
         Sanitize Erase Support             : True
         Sanitize Lock Freeze Support       : False
         Sanitize Lock Anti-Freeze Support  : False
         Sanitize Lock Setting              : Unknown
         Drive Unique ID                    : 5000C500CDF2CA5F
         Last Failure Reason                : No Failure
      ----------------------------------------------------------------
      Device Phy Information                
      ----------------------------------------------------------------
         Phy #0
            Negotiated Physical Link Rate   : 12 Gbps 
            Negotiated Logical Link Rate    : 12 Gbps 
            Maximum Link Rate               : 12 Gbps 
         Phy #1
            Negotiated Physical Link Rate   : unknown 
            Negotiated Logical Link Rate    : unknown 
            Maximum Link Rate               : 12 Gbps 

      ----------------------------------------------------------------
      Device Error Counters                 
      ----------------------------------------------------------------
         Aborted Commands                   : 0
         Bad Target Errors                  : 0
         Ecc Recovered Read Errors          : 0
         Failed Read Recovers               : 0
         Failed Write Recovers              : 0
         Format Errors                      : 0
         Hardware Errors                    : 0
         Hard Read Errors                   : 0
         Hard Write Errors                  : 0
         Hot Plug Count                     : 0
         Media Failures                     : 0
         Not Ready Errors                   : 12
         Other Time Out Errors              : 0
         Predictive Failures                : 0
         Retry Recovered Read Errors        : 0
         Retry Recovered Write Errors       : 0
         Scsi Bus Faults                    : 6
         Sectors Reads                      : 588093085
         Sectors Written                    : 2942631152
         Service Hours                      : 47186

      Device #4
         Device is a Hard drive
         State                              : Online
         Drive has stale RIS data           : False
         Block Size                         : 512 Bytes
         Physical Block Size                : 4K Bytes
         Transfer Speed                     : SAS 12.0 Gb/s
         Reported Channel,Device(T:L)       : 0,4(4:0)
         Reported Location                  : Enclosure Direct Attached, Slot 4(Connector 1:CN1)
         Array                              : 1
         Vendor                             : SEAGATE 
         Model                              : ST2400MM0129    
         Firmware                           : C004
         Serial number                      : WBM25BEC0000K017LBSE
         World-wide name                    : 5000C500CDF2DBC5
         Reserved Size                      : 32768 KB
         Used Size                          : 2289240 MB
         Unused Size                        : 0 MB
         Total Size                         : 2289272 MB
         S.M.A.R.T.                         : No
         S.M.A.R.T. warnings                : 0
         SSD                                : No
         Boot Type                          : None
         Rotational Speed                   : 10500 RPM
         Current Temperature                : 43 deg C
         Maximum Temperature                : 51 deg C
         Threshold Temperature              : 60 deg C
         PHY Count                          : 2
         Drive Configuration Type           : Data
         Drive Encryption Capability        : None
         Drive Encryption Status            : Not Applicable
         Drive Exposed to OS                : False
         Sanitize Erase Support             : True
         Sanitize Lock Freeze Support       : False
         Sanitize Lock Anti-Freeze Support  : False
         Sanitize Lock Setting              : Unknown
         Drive Unique ID                    : 5000C500CDF2DBC7
         Last Failure Reason                : No Failure
      ----------------------------------------------------------------
      Device Phy Information                
      ----------------------------------------------------------------
         Phy #0
            Negotiated Physical Link Rate   : 12 Gbps 
            Negotiated Logical Link Rate    : 12 Gbps 
            Maximum Link Rate               : 12 Gbps 
         Phy #1
            Negotiated Physical Link Rate   : unknown 
            Negotiated Logical Link Rate    : unknown 
            Maximum Link Rate               : 12 Gbps 

      ----------------------------------------------------------------
      Device Error Counters                 
      ----------------------------------------------------------------
         Aborted Commands                   : 0
         Bad Target Errors                  : 0
         Ecc Recovered Read Errors          : 0
         Failed Read Recovers               : 0
         Failed Write Recovers              : 0
         Format Errors                      : 0
         Hardware Errors                    : 0
         Hard Read Errors                   : 0
         Hard Write Errors                  : 0
         Hot Plug Count                     : 0
         Media Failures                     : 0
         Not Ready Errors                   : 12
         Other Time Out Errors              : 0
         Predictive Failures                : 0
         Retry Recovered Read Errors        : 0
         Retry Recovered Write Errors       : 0
         Scsi Bus Faults                    : 6
         Sectors Reads                      : 2552476189
         Sectors Written                    : 112904176
         Service Hours                      : 47186

      Device #5
         Device is a Hard drive
         State                              : Online
         Drive has stale RIS data           : False
         Block Size                         : 512 Bytes
         Physical Block Size                : 4K Bytes
         Transfer Speed                     : SAS 12.0 Gb/s
         Reported Channel,Device(T:L)       : 0,5(5:0)
         Reported Location                  : Enclosure Direct Attached, Slot 5(Connector 1:CN1)
         Array                              : 1
         Vendor                             : SEAGATE 
         Model                              : ST2400MM0129    
         Firmware                           : C004
         Serial number                      : WBM22ZLR0000K017LBVY
         World-wide name                    : 5000C500CDF2FB45
         Reserved Size                      : 32768 KB
         Used Size                          : 2289240 MB
         Unused Size                        : 0 MB
         Total Size                         : 2289272 MB
         S.M.A.R.T.                         : No
         S.M.A.R.T. warnings                : 0
         SSD                                : No
         Boot Type                          : None
         Rotational Speed                   : 10500 RPM
         Current Temperature                : 42 deg C
         Maximum Temperature                : 50 deg C
         Threshold Temperature              : 60 deg C
         PHY Count                          : 2
         Drive Configuration Type           : Data
         Drive Encryption Capability        : None
         Drive Encryption Status            : Not Applicable
         Drive Exposed to OS                : False
         Sanitize Erase Support             : True
         Sanitize Lock Freeze Support       : False
         Sanitize Lock Anti-Freeze Support  : False
         Sanitize Lock Setting              : Unknown
         Drive Unique ID                    : 5000C500CDF2FB47
         Last Failure Reason                : No Failure
      ----------------------------------------------------------------
      Device Phy Information                
      ----------------------------------------------------------------
         Phy #0
            Negotiated Physical Link Rate   : 12 Gbps 
            Negotiated Logical Link Rate    : 12 Gbps 
            Maximum Link Rate               : 12 Gbps 
         Phy #1
            Negotiated Physical Link Rate   : unknown 
            Negotiated Logical Link Rate    : unknown 
            Maximum Link Rate               : 12 Gbps 

      ----------------------------------------------------------------
      Device Error Counters                 
      ----------------------------------------------------------------
         Aborted Commands                   : 0
         Bad Target Errors                  : 0
         Ecc Recovered Read Errors          : 0
         Failed Read Recovers               : 0
         Failed Write Recovers              : 0
         Format Errors                      : 0
         Hardware Errors                    : 0
         Hard Read Errors                   : 0
         Hard Write Errors                  : 0
         Hot Plug Count                     : 0
         Media Failures                     : 0
         Not Ready Errors                   : 12
         Other Time Out Errors              : 0
         Predictive Failures                : 0
         Retry Recovered Read Errors        : 0
         Retry Recovered Write Errors       : 0
         Scsi Bus Faults                    : 6
         Sectors Reads                      : 1933114269
         Sectors Written                    : 1044860392
         Service Hours                      : 47186

      Device #6
         Device is a Hard drive
         State                              : Online
         Drive has stale RIS data           : False
         Block Size                         : 512 Bytes
         Physical Block Size                : 4K Bytes
         Transfer Speed                     : SAS 12.0 Gb/s
         Reported Channel,Device(T:L)       : 0,6(6:0)
         Reported Location                  : Enclosure Direct Attached, Slot 6(Connector 1:CN1)
         Array                              : 1
         Vendor                             : SEAGATE 
         Model                              : ST2400MM0129    
         Firmware                           : C004
         Serial number                      : WBM24SL80000K017L5E3
         World-wide name                    : 5000C500CDF2580D
         Reserved Size                      : 32768 KB
         Used Size                          : 2289240 MB
         Unused Size                        : 0 MB
         Total Size                         : 2289272 MB
         S.M.A.R.T.                         : No
         S.M.A.R.T. warnings                : 0
         SSD                                : No
         Boot Type                          : None
         Rotational Speed                   : 10500 RPM
         Current Temperature                : 41 deg C
         Maximum Temperature                : 49 deg C
         Threshold Temperature              : 60 deg C
         PHY Count                          : 2
         Drive Configuration Type           : Data
         Drive Encryption Capability        : None
         Drive Encryption Status            : Not Applicable
         Drive Exposed to OS                : False
         Sanitize Erase Support             : True
         Sanitize Lock Freeze Support       : False
         Sanitize Lock Anti-Freeze Support  : False
         Sanitize Lock Setting              : Unknown
         Drive Unique ID                    : 5000C500CDF2580F
         Last Failure Reason                : No Failure
      ----------------------------------------------------------------
      Device Phy Information                
      ----------------------------------------------------------------
         Phy #0
            Negotiated Physical Link Rate   : 12 Gbps 
            Negotiated Logical Link Rate    : 12 Gbps 
            Maximum Link Rate               : 12 Gbps 
         Phy #1
            Negotiated Physical Link Rate   : unknown 
            Negotiated Logical Link Rate    : unknown 
            Maximum Link Rate               : 12 Gbps 

      ----------------------------------------------------------------
      Device Error Counters                 
      ----------------------------------------------------------------
         Aborted Commands                   : 0
         Bad Target Errors                  : 0
         Ecc Recovered Read Errors          : 0
         Failed Read Recovers               : 0
         Failed Write Recovers              : 0
         Format Errors                      : 0
         Hardware Errors                    : 0
         Hard Read Errors                   : 0
         Hard Write Errors                  : 0
         Hot Plug Count                     : 0
         Media Failures                     : 0
         Not Ready Errors                   : 12
         Other Time Out Errors              : 0
         Predictive Failures                : 0
         Retry Recovered Read Errors        : 0
         Retry Recovered Write Errors       : 0
         Scsi Bus Faults                    : 6
         Sectors Reads                      : 2713217877
         Sectors Written                    : 1280982968
         Service Hours                      : 47186

      Device #7
         Device is a Hard drive
         State                              : Online
         Drive has stale RIS data           : False
         Block Size                         : 512 Bytes
         Physical Block Size                : 4K Bytes
         Transfer Speed                     : SAS 12.0 Gb/s
         Reported Channel,Device(T:L)       : 0,7(7:0)
         Reported Location                  : Enclosure Direct Attached, Slot 7(Connector 1:CN1)
         Array                              : 1
         Vendor                             : SEAGATE 
         Model                              : ST2400MM0129    
         Firmware                           : C004
         Serial number                      : WBM22XAK0000K0187WXF
         World-wide name                    : 5000C500CDF38429
         Reserved Size                      : 32768 KB
         Used Size                          : 2289240 MB
         Unused Size                        : 0 MB
         Total Size                         : 2289272 MB
         S.M.A.R.T.                         : No
         S.M.A.R.T. warnings                : 0
         SSD                                : No
         Boot Type                          : None
         Rotational Speed                   : 10500 RPM
         Current Temperature                : 39 deg C
         Maximum Temperature                : 48 deg C
         Threshold Temperature              : 60 deg C
         PHY Count                          : 2
         Drive Configuration Type           : Data
         Drive Encryption Capability        : None
         Drive Encryption Status            : Not Applicable
         Drive Exposed to OS                : False
         Sanitize Erase Support             : True
         Sanitize Lock Freeze Support       : False
         Sanitize Lock Anti-Freeze Support  : False
         Sanitize Lock Setting              : Unknown
         Drive Unique ID                    : 5000C500CDF3842B
         Last Failure Reason                : No Failure
      ----------------------------------------------------------------
      Device Phy Information                
      ----------------------------------------------------------------
         Phy #0
            Negotiated Physical Link Rate   : 12 Gbps 
            Negotiated Logical Link Rate    : 12 Gbps 
            Maximum Link Rate               : 12 Gbps 
         Phy #1
            Negotiated Physical Link Rate   : unknown 
            Negotiated Logical Link Rate    : unknown 
            Maximum Link Rate               : 12 Gbps 

      ----------------------------------------------------------------
      Device Error Counters                 
      ----------------------------------------------------------------
         Aborted Commands                   : 0
         Bad Target Errors                  : 0
         Ecc Recovered Read Errors          : 0
         Failed Read Recovers               : 0
         Failed Write Recovers              : 0
         Format Errors                      : 0
         Hardware Errors                    : 0
         Hard Read Errors                   : 0
         Hard Write Errors                  : 0
         Hot Plug Count                     : 0
         Media Failures                     : 0
         Not Ready Errors                   : 12
         Other Time Out Errors              : 0
         Predictive Failures                : 0
         Retry Recovered Read Errors        : 0
         Retry Recovered Write Errors       : 0
         Scsi Bus Faults                    : 6
         Sectors Reads                      : 3593492453
         Sectors Written                    : 1238621600
         Service Hours                      : 47186

   Channel #2:
      Device #2
         Device is an Enclosure Services Device
         Reported Channel,Device(T:L)       : 2,2(2:0)
         Enclosure ID                       : 0
         Enclosure Logical Identifier       : 530809B8E853E008
         Type                               : SES2
         Vendor                             : UN      
         Model                              : Virtual SGPIO
         Firmware                           : 2.30
         Status of Enclosure Services Device
            Speaker status                  : Not Available


Command completed successfully.
