Controllers found: 1
----------------------------------------------------------------------
Logical device information
----------------------------------------------------------------------
Logical Device number 0
   Logical Device name                      : Logical Drive 1
   Disk Name                                : /dev/sda
   Block Size of member drives              : 512 Bytes
   Array                                    : 0
   RAID level                               : 1
   Status of Logical Device                 : Optimal
   Size                                     : 1144609 MB
   Stripe-unit size                         : 256 KB
   Full Stripe Size                         : 256 KB
   Interface Type                           : Serial Attached SCSI
   Device Type                              : Data
   Boot Type                                : None
   Heads                                    : 255
   Sectors Per Track                        : 32
   Cylinders                                : 65535
   Caching                                  : Enabled
   Mount Points                             : /boot/efi 256 MB  Partition Number 1 /boot 2048 MB  Partition Number 2 / 1142304 MB  Partition Number 3 
   LD Acceleration Method                   : Controller Cache
   Volume Unique Identifier                 : 600508B1001CC1EA3AF913E17965F891
   --------------------------------------------------------
   Array Physical Device Information
   --------------------------------------------------------
   Device 0                                 : Present (1144641MB, SAS, HDD, Channel:0, Device:0) WFK6RZZP0000K0301AGL
   Device 1                                 : Present (1144641MB, SAS, HDD, Channel:0, Device:1) WFK6RXJN0000K02935VF


Logical Device number 1
   Logical Device name                      : Logical Drive 2
   Disk Name                                : /dev/sdb
   Block Size of member drives              : 512 Bytes
   Array                                    : 1
   RAID level                               : 5
   Status of Logical Device                 : Optimal
   Parity Initialization Status             : Completed
   Size                                     : 11446200 MB
   Stripe-unit size                         : 256 KB
   Full Stripe Size                         : 1280 KB
   Interface Type                           : Serial Attached SCSI
   Device Type                              : Data
   Boot Type                                : None
   Heads                                    : 255
   Sectors Per Track                        : 32
   Cylinders                                : 65535
   Caching                                  : Enabled
   Mount Points                             : /back_1,/back_2,/back_3,/back_4 11446200 MB  Partition Number 0 
   LD Acceleration Method                   : Controller Cache
   Volume Unique Identifier                 : 600508B1001C4A6A6B92A91184046B37
   --------------------------------------------------------
   Array Physical Device Information
   --------------------------------------------------------
   Device 2                                 : Present (2289272MB, SAS, HDD, Channel:0, Device:2) WBM25LTY0000K0187WSP
   Device 3                                 : Present (2289272MB, SAS, HDD, Channel:0, Device:3) WBM25BMM0000K017FGYA
   Device 4                                 : Present (2289272MB, SAS, HDD, Channel:0, Device:4) WBM25BEC0000K017LBSE
   Device 5                                 : Present (2289272MB, SAS, HDD, Channel:0, Device:5) WBM22ZLR0000K017LBVY
   Device 6                                 : Present (2289272MB, SAS, HDD, Channel:0, Device:6) WBM24SL80000K017L5E3
   Device 7                                 : Present (2289272MB, SAS, HDD, Channel:0, Device:7) WBM22XAK0000K0187WXF




Command completed successfully.
