Generating detailed summary of the adapter, it may take a while to complete.

CLI Version = 007.2408.0000.0000 Nov 15, 2022
Operating system = Linux 5.10.0-136.12.0.86.fos2206.x86_64
Controller = 0
Status = Success
Description = None

Product Name = MegaRAID 9560-16i 8GB
Serial Number = SPC1733007
SAS Address =  500062b20d389480
PCI Address = 00:04:00:00
System Time = 09/29/2025 16:51:30
Mfg. Date = 05/17/22
Controller Time = 09/29/2025 08:53:23
FW Package Build = 52.21.0-4428
BIOS Version = 7.21.01.0_0x07150200
FW Version = 5.210.02-3663
Driver Name = megaraid_sas
Driver Version = 07.714.04.00-rc1
Current Personality = RAID-Mode 
Vendor Id = 0x1000
Device Id = 0x10E2
SubVendor Id = 0x1000
SubDevice Id = 0x4000
Host Interface = PCI-E
Device Interface = SAS-12G
Bus Number = 4
Device Number = 0
Function Number = 0
Domain ID = 0
Security Protocol = None
Drive Groups = 1

TOPOLOGY :
========

---------------------------------------------------------------------------
DG Arr Row EID:Slot DID Type  State BT     Size PDC  PI SED DS3  FSpace TR 
---------------------------------------------------------------------------
 0 -   -   -        -   RAID1 Optl  N  1.636 TB dflt N  N   dflt N      N  
 0 0   -   -        -   RAID1 Optl  N  1.636 TB dflt N  N   dflt N      N  
 0 0   0   252:0    1   DRIVE Onln  N  1.636 TB dflt N  N   dflt -      N  
 0 0   1   252:1    3   DRIVE Onln  N  1.636 TB dflt N  N   dflt -      N  
---------------------------------------------------------------------------

DG=Disk Group Index|Arr=Array Index|Row=Row Index|EID=Enclosure Device ID
DID=Device ID|Type=Drive Type|Onln=Online|Rbld=Rebuild|Optl=Optimal|Dgrd=Degraded
Pdgd=Partially degraded|Offln=Offline|BT=Background Task Active
PDC=PD Cache|PI=Protection Info|SED=Self Encrypting Drive|Frgn=Foreign
DS3=Dimmer Switch 3|dflt=Default|Msng=Missing|FSpace=Free Space Present
TR=Transport Ready

Virtual Drives = 1

VD LIST :
=======

-------------------------------------------------------------
DG/VD TYPE  State Access Consist Cache Cac sCC     Size Name 
-------------------------------------------------------------
0/239 RAID1 Optl  RW     Yes     RAWBD -   ON  1.636 TB sys  
-------------------------------------------------------------

VD=Virtual Drive| DG=Drive Group|Rec=Recovery
Cac=CacheCade|OfLn=OffLine|Pdgd=Partially Degraded|Dgrd=Degraded
Optl=Optimal|dflt=Default|RO=Read Only|RW=Read Write|HD=Hidden|TRANS=TransportReady
B=Blocked|Consist=Consistent|R=Read Ahead Always|NR=No Read Ahead|WB=WriteBack
AWB=Always WriteBack|WT=WriteThrough|C=Cached IO|D=Direct IO|sCC=Scheduled
Check Consistency

JBOD Drives = 12

JBOD LIST :
=========

------------------------------------------------------------------------------------------
ID EID:Slt DID State Intf Med       Size SeSz Model                      Vendor   Port    
------------------------------------------------------------------------------------------
 4 252:4     4 Onln  SATA SSD 894.252 GB 512B SAMSUNG MZ7LH960HAJR-00005 ATA      C0.1 x1 
 5 252:5     2 Onln  SATA SSD 894.252 GB 512B SAMSUNG MZ7LH960HAJR-00005 ATA      C0.1 x1 
 6 252:6    12 Onln  SATA SSD 894.252 GB 512B SAMSUNG MZ7LH960HAJR-00005 ATA      C0.1 x1 
 7 252:7    13 Onln  SATA SSD 894.252 GB 512B SAMSUNG MZ7LH960HAJR-00005 ATA      C0.1 x1 
 8 252:8     0 Onln  SATA SSD 894.252 GB 512B SAMSUNG MZ7LH960HAJR-00005 ATA      C1.0 x1 
 9 252:9     5 Onln  SATA SSD 894.252 GB 512B SAMSUNG MZ7LH960HAJR-00005 ATA      C1.0 x1 
10 252:10    6 Onln  SATA SSD 894.252 GB 512B SAMSUNG MZ7LH960HAJR-00005 ATA      C1.0 x1 
11 252:11    7 Onln  SATA SSD 894.252 GB 512B SAMSUNG MZ7LH960HAJR-00005 ATA      C1.0 x1 
12 252:12    8 Onln  SATA SSD 894.252 GB 512B SAMSUNG MZ7LH960HAJR-00005 ATA      C1.1 x1 
13 252:13    9 Onln  SATA SSD 894.252 GB 512B SAMSUNG MZ7LH960HAJR-00005 ATA      C1.1 x1 
14 252:14   10 Onln  SATA SSD 894.252 GB 512B SAMSUNG MZ7LH960HAJR-00005 ATA      C1.1 x1 
15 252:15   11 Onln  SATA SSD 894.252 GB 512B SAMSUNG MZ7LH960HAJR-00005 ATA      C1.1 x1 
------------------------------------------------------------------------------------------

ID=JBOD Target ID|EID=Enclosure Device ID|Slt=Slot No|DID=Device ID|Onln=Online
Offln=Offline|Intf=Interface|Med=Media Type|SeSz=Sector Size
SED=Self Encryptive Drive|PI=Protection Info|Sp=Spun|U=Up|D=Down

Physical Drives = 14

PD LIST :
=======

----------------------------------------------------------------------------------------
EID:Slt DID State DG       Size Intf Med SED PI SeSz Model                      Sp Type 
----------------------------------------------------------------------------------------
252:0     1 Onln   0   1.636 TB SAS  HDD N   N  512B AL15SEB18EQ                U  -    
252:1     3 Onln   0   1.636 TB SAS  HDD N   N  512B AL15SEB18EQ                U  -    
252:4     4 Onln   - 894.252 GB SATA SSD N   N  512B SAMSUNG MZ7LH960HAJR-00005 U  JBOD 
252:5     2 Onln   - 894.252 GB SATA SSD N   N  512B SAMSUNG MZ7LH960HAJR-00005 U  JBOD 
252:6    12 Onln   - 894.252 GB SATA SSD N   N  512B SAMSUNG MZ7LH960HAJR-00005 U  JBOD 
252:7    13 Onln   - 894.252 GB SATA SSD N   N  512B SAMSUNG MZ7LH960HAJR-00005 U  JBOD 
252:8     0 Onln   - 894.252 GB SATA SSD N   N  512B SAMSUNG MZ7LH960HAJR-00005 U  JBOD 
252:9     5 Onln   - 894.252 GB SATA SSD N   N  512B SAMSUNG MZ7LH960HAJR-00005 U  JBOD 
252:10    6 Onln   - 894.252 GB SATA SSD N   N  512B SAMSUNG MZ7LH960HAJR-00005 U  JBOD 
252:11    7 Onln   - 894.252 GB SATA SSD N   N  512B SAMSUNG MZ7LH960HAJR-00005 U  JBOD 
252:12    8 Onln   - 894.252 GB SATA SSD N   N  512B SAMSUNG MZ7LH960HAJR-00005 U  JBOD 
252:13    9 Onln   - 894.252 GB SATA SSD N   N  512B SAMSUNG MZ7LH960HAJR-00005 U  JBOD 
252:14   10 Onln   - 894.252 GB SATA SSD N   N  512B SAMSUNG MZ7LH960HAJR-00005 U  JBOD 
252:15   11 Onln   - 894.252 GB SATA SSD N   N  512B SAMSUNG MZ7LH960HAJR-00005 U  JBOD 
----------------------------------------------------------------------------------------

EID=Enclosure Device ID|Slt=Slot No|DID=Device ID|DG=DriveGroup
DHS=Dedicated Hot Spare|UGood=Unconfigured Good|GHS=Global Hotspare
UBad=Unconfigured Bad|Sntze=Sanitize|Onln=Online|Offln=Offline|Intf=Interface
Med=Media Type|SED=Self Encryptive Drive|PI=Protection Info
SeSz=Sector Size|Sp=Spun|U=Up|D=Down|T=Transition|F=Foreign
UGUnsp=UGood Unsupported|UGShld=UGood shielded|HSPShld=Hotspare shielded
CFShld=Configured shielded|Cpybck=CopyBack|CBShld=Copyback Shielded
UBUnsp=UBad Unsupported|Rbld=Rebuild

Enclosures = 1

Enclosure LIST :
==============

------------------------------------------------------------------------
EID State Slots PD PS Fans TSs Alms SIM Port# ProdID     VendorSpecific 
------------------------------------------------------------------------
252 OK       16 14  0    0   0    0   0 -     VirtualSES                
------------------------------------------------------------------------

EID=Enclosure Device ID | PD=Physical drive count | PS=Power Supply count
TSs=Temperature sensor count | Alms=Alarm count | SIM=SIM Count | ProdID=Product ID



